<?xml version="1.0" encoding="UTF-8"?>
<!-- Generated by org.testng.reporters.JUnitReportReporter -->
<testsuite skipped="0" hostname="santhosh" name="com.selva.selenium.test_framework.ui_test_practice.TestNgSample" tests="1" failures="0" timestamp="30 Jun 2019 18:41:48 GMT" time="5.826" errors="0">
  <testcase name="clickModal" time="5.826" classname="com.selva.selenium.test_framework.ui_test_practice.TestNgSample"/>
</testsuite> <!-- com.selva.selenium.test_framework.ui_test_practice.TestNgSample -->
