<?xml version="1.0" encoding="UTF-8"?>
<!-- Generated by org.testng.reporters.JUnitReportReporter -->
<testsuite skipped="0" hostname="ICC12183" name="com.selva.selenium.test_framework.ui_test_practice.TestNgSample" tests="1" failures="0" timestamp="2019-10-29T16:05:35 EDT" time="7.496" errors="0">
  <testcase name="clickModal" time="7.496" classname="com.selva.selenium.test_framework.ui_test_practice.TestNgSample"/>
</testsuite> <!-- com.selva.selenium.test_framework.ui_test_practice.TestNgSample -->
